<?xml version="1.0" encoding="UTF-8"?>
<!-- Generated by org.testng.reporters.JUnitXMLReporter -->
<testsuite ignored="0" hostname="DESKTOP-1FJC9IP" failures="0" tests="19" name="Test" time="605.522" errors="0" timestamp="2022-09-27T14:02:58 IST">
  <testcase classname="com.qa.booksWagon.testcases.AddAddressTest" name="AddAddressPaheTitleTest" time="0.23"/>
  <testcase classname="com.qa.booksWagon.testcases.AddAddressTest" name="add_Address_Test" time="21.047"/>
  <testcase classname="com.qa.booksWagon.testcases.LoginPageTest" name="loginPageTitleTest" time="0.067"/>
  <testcase classname="com.qa.booksWagon.testcases.LoginPageTest" name="loginPageurUrlTest" time="0.029"/>
  <testcase classname="com.qa.booksWagon.testcases.LoginPageTest" name="ImageTest" time="0.454"/>
  <testcase classname="com.qa.booksWagon.testcases.LoginPageTest" name="loginTest" time="7.588"/>
  <testcase classname="com.qa.booksWagon.testcases.LoginPageTest" name="MultipleUserLoginTest" time="1.849"/>
  <testcase classname="com.qa.booksWagon.testcases.LoginPageTest" name="MultipleUserLoginTest" time="5.473"/>
  <testcase classname="com.qa.booksWagon.testcases.LoginPageTest" name="MultipleUserLoginTest" time="1.893"/>
  <testcase classname="com.qa.booksWagon.testcases.SearchBookPageTest" name="verifySearchPageTest" time="12.162"/>
  <testcase classname="com.qa.booksWagon.testcases.SearchBookPageTest" name="validateSearchPageTitle" time="0.025"/>
  <testcase classname="com.qa.booksWagon.testcases.WishListPageTest" name="feature_authTest" time="14.224"/>
  <testcase classname="com.qa.booksWagon.testcases.WishListPageTest" name="search_BookNameTest" time="8.383"/>
  <testcase classname="com.qa.booksWagon.testcases.WishListPageTest" name="addWishlist_AuthorNameTest" time="9.722"/>
  <testcase classname="com.qa.booksWagon.testcases.WishListPageTest" name="addWishlist_PublisherTest" time="8.002"/>
  <testcase classname="com.qa.booksWagon.testcases.WishListPageTest" name="wishlist_Test" time="3.082"/>
  <testcase classname="com.qa.booksWagon.testcases.HomePageTest" name="HomePageTitleTest" time="2.033"/>
  <testcase classname="com.qa.booksWagon.testcases.HomePageTest" name="verifyUserNameTest" time="0.102"/>
  <testcase classname="com.qa.booksWagon.testcases.HomePageTest" name="verifyClickOnLogout" time="8.349"/>
</testsuite> <!-- Test -->
