<?xml version="1.0" encoding="UTF-8"?>
<testng-results ignored="0" total="1" passed="1" failed="0" skipped="0">
  <reporter-output>
  </reporter-output>
  <suite started-at="2022-09-27T21:02:24 IST" name="Default suite" finished-at="2022-09-27T21:03:08 IST" duration-ms="44462">
    <groups>
    </groups>
    <test started-at="2022-09-27T21:02:24 IST" name="Default test" finished-at="2022-09-27T21:03:08 IST" duration-ms="44462">
      <class name="com.qa.booksWagon.testcases.LogOutPageTest">
        <test-method is-config="true" signature="setUp()[pri:0, instance:com.qa.booksWagon.testcases.LogOutPageTest@6fa51cd4]" started-at="2022-09-27T21:02:24 IST" name="setUp" finished-at="2022-09-27T21:02:46 IST" duration-ms="21845" status="PASS">
          <reporter-output>
          </reporter-output>
        </test-method> <!-- setUp -->
        <test-method signature="logOut()[pri:0, instance:com.qa.booksWagon.testcases.LogOutPageTest@6fa51cd4]" started-at="2022-09-27T21:02:46 IST" name="logOut" finished-at="2022-09-27T21:03:08 IST" duration-ms="21714" status="PASS">
          <reporter-output>
          </reporter-output>
        </test-method> <!-- logOut -->
        <test-method is-config="true" signature="tearDown()[pri:0, instance:com.qa.booksWagon.testcases.LogOutPageTest@6fa51cd4]" started-at="2022-09-27T21:03:08 IST" name="tearDown" finished-at="2022-09-27T21:03:08 IST" duration-ms="653" status="PASS">
          <reporter-output>
          </reporter-output>
        </test-method> <!-- tearDown -->
      </class> <!-- com.qa.booksWagon.testcases.LogOutPageTest -->
    </test> <!-- Default test -->
  </suite> <!-- Default suite -->
</testng-results>
